{"timestamp": "2025-06-28T13:39:56.652315", "level": "INFO", "logger": "LoggerManager", "session_id": "NO_SESSION", "message": "Logging system initialized successfully", "module": "logger", "function": "_setup_logging", "line": 159}
{"timestamp": "2025-06-28T13:39:57.221035", "level": "INFO", "logger": "src.data.database", "session_id": "NO_SESSION", "message": "Database tables created successfully", "module": "database", "function": "create_tables", "line": 70}
{"timestamp": "2025-06-28T13:39:57.221219", "level": "INFO", "logger": "src.data.database", "session_id": "NO_SESSION", "message": "Database initialized with URL: sqlite:///data/price_monitor.db", "module": "database", "function": "initialize", "line": 61}
{"timestamp": "2025-06-28T13:39:57.243543", "level": "INFO", "logger": "TestLogger", "session_id": "bff736e9", "message": "Info message test", "module": "test_implementation", "function": "test_logging_system", "line": 103}
{"timestamp": "2025-06-28T13:39:57.243651", "level": "WARNING", "logger": "TestLogger", "session_id": "bff736e9", "message": "Warning message test", "module": "test_implementation", "function": "test_logging_system", "line": 104}
{"timestamp": "2025-06-28T13:39:57.243740", "level": "INFO", "logger": "TestLogger", "session_id": "bff736e9", "message": "Structured log test", "module": "", "function": null, "line": 0, "extra": {"test_data": "value", "session_id": "bff736e9"}}
{"timestamp": "2025-06-28T13:39:57.243953", "level": "INFO", "logger": "src.scrapers", "session_id": "bff736e9", "message": "ScraperFactory initialized with 5 scrapers", "module": "__init__", "function": "_initialize", "line": 41}
{"timestamp": "2025-06-28T13:39:57.244084", "level": "INFO", "logger": "src.scrapers", "session_id": "bff736e9", "message": "Creating scraper: amazon -> AmazonScraper", "module": "__init__", "function": "create_scraper", "line": 104}
{"timestamp": "2025-06-28T13:39:57.244439", "level": "ERROR", "logger": "src.scrapers", "session_id": "bff736e9", "message": "Failed to create scraper amazon: Retry.__init__() got an unexpected keyword argument 'method_whitelist'", "module": "__init__", "function": "create_scraper", "line": 109}
{"timestamp": "2025-06-28T13:39:57.249522", "level": "INFO", "logger": "src.data.database", "session_id": "bff736e9", "message": "Created site: <Site(id=1, name='Amazon', scraper_type='static')>", "module": "database", "function": "create_site", "line": 186}
{"timestamp": "2025-06-28T13:39:57.259337", "level": "INFO", "logger": "src.scrapers", "session_id": "bff736e9", "message": "Creating scraper: amazon -> AmazonScraper", "module": "__init__", "function": "create_scraper", "line": 104}
{"timestamp": "2025-06-28T13:39:57.259612", "level": "ERROR", "logger": "src.scrapers", "session_id": "bff736e9", "message": "Failed to create scraper amazon: Retry.__init__() got an unexpected keyword argument 'method_whitelist'", "module": "__init__", "function": "create_scraper", "line": 109}
{"timestamp": "2025-06-28T13:39:57.259930", "level": "INFO", "logger": "src.scrapers", "session_id": "bff736e9", "message": "Creating scraper: amazon -> AmazonScraper", "module": "__init__", "function": "create_scraper", "line": 104}
{"timestamp": "2025-06-28T13:39:57.260041", "level": "ERROR", "logger": "src.scrapers", "session_id": "bff736e9", "message": "Failed to create scraper amazon: Retry.__init__() got an unexpected keyword argument 'method_whitelist'", "module": "__init__", "function": "create_scraper", "line": 109}
{"timestamp": "2025-06-28T13:41:54.690815", "level": "INFO", "logger": "LoggerManager", "session_id": "NO_SESSION", "message": "Logging system initialized successfully", "module": "logger", "function": "_setup_logging", "line": 159}
{"timestamp": "2025-06-28T13:41:54.909350", "level": "INFO", "logger": "src.data.database", "session_id": "NO_SESSION", "message": "Database tables created successfully", "module": "database", "function": "create_tables", "line": 70}
{"timestamp": "2025-06-28T13:41:54.909435", "level": "INFO", "logger": "src.data.database", "session_id": "NO_SESSION", "message": "Database initialized with URL: sqlite:///data/price_monitor.db", "module": "database", "function": "initialize", "line": 61}
{"timestamp": "2025-06-28T13:41:54.932343", "level": "INFO", "logger": "TestLogger", "session_id": "ffd95206", "message": "Info message test", "module": "test_implementation", "function": "test_logging_system", "line": 103}
{"timestamp": "2025-06-28T13:41:54.932420", "level": "WARNING", "logger": "TestLogger", "session_id": "ffd95206", "message": "Warning message test", "module": "test_implementation", "function": "test_logging_system", "line": 104}
{"timestamp": "2025-06-28T13:41:54.932487", "level": "INFO", "logger": "TestLogger", "session_id": "ffd95206", "message": "Structured log test", "module": "", "function": null, "line": 0, "extra": {"test_data": "value", "session_id": "ffd95206"}}
{"timestamp": "2025-06-28T13:41:54.932616", "level": "INFO", "logger": "src.scrapers", "session_id": "ffd95206", "message": "ScraperFactory initialized with 5 scrapers", "module": "__init__", "function": "_initialize", "line": 41}
{"timestamp": "2025-06-28T13:41:54.932694", "level": "INFO", "logger": "src.scrapers", "session_id": "ffd95206", "message": "Creating scraper: amazon -> AmazonScraper", "module": "__init__", "function": "create_scraper", "line": 104}
{"timestamp": "2025-06-28T13:41:54.932888", "level": "INFO", "logger": "AmazonScraper", "session_id": "ffd95206", "message": "Initialized amazon scraper", "module": "base_scraper", "function": "__init__", "line": 101}
{"timestamp": "2025-06-28T13:41:54.932951", "level": "INFO", "logger": "src.scrapers", "session_id": "ffd95206", "message": "Creating scraper: ebay -> EbayScraper", "module": "__init__", "function": "create_scraper", "line": 104}
{"timestamp": "2025-06-28T13:41:54.933085", "level": "INFO", "logger": "EbayScraper", "session_id": "ffd95206", "message": "Initialized ebay scraper", "module": "base_scraper", "function": "__init__", "line": 101}
{"timestamp": "2025-06-28T13:41:54.933188", "level": "INFO", "logger": "src.scrapers", "session_id": "ffd95206", "message": "Creating scraper: walmart_selenium -> WalmartSeleniumScraper", "module": "__init__", "function": "create_scraper", "line": 104}
{"timestamp": "2025-06-28T13:41:54.933387", "level": "INFO", "logger": "WalmartSeleniumScraper", "session_id": "ffd95206", "message": "Initialized walmart scraper", "module": "base_scraper", "function": "__init__", "line": 101}
{"timestamp": "2025-06-28T13:41:56.632838", "level": "INFO", "logger": "WalmartSeleniumScraper", "session_id": "ffd95206", "message": "Selenium WebDriver initialized successfully", "module": "selenium_scraper", "function": "_setup_driver", "line": 78}
{"timestamp": "2025-06-28T13:41:56.755174", "level": "WARNING", "logger": "urllib3.connectionpool", "session_id": "ffd95206", "message": "Retrying (Retry(total=2, connect=None, read=None, redirect=None, status=None)) after connection broken by 'NewConnectionError('<urllib3.connection.HTTPConnection object at 0x7fa4a8cc2ad0>: Failed to establish a new connection: [Errno 111] Connection refused')': /session/437f15b0668762b5c2ed3b2d7409bb57", "module": "connectionpool", "function": "urlopen", "line": 868}
{"timestamp": "2025-06-28T13:41:56.773591", "level": "WARNING", "logger": "urllib3.connectionpool", "session_id": "ffd95206", "message": "Retrying (Retry(total=1, connect=None, read=None, redirect=None, status=None)) after connection broken by 'NewConnectionError('<urllib3.connection.HTTPConnection object at 0x7fa4a8cc2990>: Failed to establish a new connection: [Errno 111] Connection refused')': /session/437f15b0668762b5c2ed3b2d7409bb57", "module": "connectionpool", "function": "urlopen", "line": 868}
{"timestamp": "2025-06-28T13:41:56.793504", "level": "WARNING", "logger": "urllib3.connectionpool", "session_id": "ffd95206", "message": "Retrying (Retry(total=0, connect=None, read=None, redirect=None, status=None)) after connection broken by 'NewConnectionError('<urllib3.connection.HTTPConnection object at 0x7fa4a8cfbe10>: Failed to establish a new connection: [Errno 111] Connection refused')': /session/437f15b0668762b5c2ed3b2d7409bb57", "module": "connectionpool", "function": "urlopen", "line": 868}
{"timestamp": "2025-06-28T13:41:56.813262", "level": "INFO", "logger": "WalmartSeleniumScraper", "session_id": "ffd95206", "message": "WebDriver closed successfully", "module": "selenium_scraper", "function": "__del__", "line": 405}
{"timestamp": "2025-06-28T13:41:56.815938", "level": "INFO", "logger": "src.scrapers", "session_id": "ffd95206", "message": "Creating scraper: amazon -> AmazonScraper", "module": "__init__", "function": "create_scraper", "line": 104}
{"timestamp": "2025-06-28T13:41:56.816226", "level": "INFO", "logger": "AmazonScraper", "session_id": "ffd95206", "message": "Initialized amazon scraper", "module": "base_scraper", "function": "__init__", "line": 101}
{"timestamp": "2025-06-28T13:41:56.816328", "level": "INFO", "logger": "AmazonScraper", "session_id": "ffd95206", "message": "Starting to scrape product: https://www.amazon.com/dp/B0863FR3S9", "module": "base_scraper", "function": "scrape_product", "line": 264}
{"timestamp": "2025-06-28T13:41:58.990054", "level": "INFO", "logger": "AmazonScraper", "session_id": "ffd95206", "message": "Successfully scraped product: Sony WH-1000XM4 Wireless Premium Noise Canceling O... (Price: 217.0, Time: 2.17s)", "module": "base_scraper", "function": "scrape_product", "line": 292}
{"timestamp": "2025-06-28T13:41:58.991025", "level": "INFO", "logger": "src.scrapers", "session_id": "ffd95206", "message": "Creating scraper: amazon -> AmazonScraper", "module": "__init__", "function": "create_scraper", "line": 104}
{"timestamp": "2025-06-28T13:41:58.991193", "level": "INFO", "logger": "AmazonScraper", "session_id": "ffd95206", "message": "Initialized amazon scraper", "module": "base_scraper", "function": "__init__", "line": 101}
{"timestamp": "2025-06-28T14:06:17.866784", "level": "INFO", "logger": "LoggerManager", "session_id": "NO_SESSION", "message": "Logging system initialized successfully", "module": "logger", "function": "_setup_logging", "line": 159}
{"timestamp": "2025-06-28T14:06:18.149649", "level": "INFO", "logger": "src.data.database", "session_id": "NO_SESSION", "message": "Database tables created successfully", "module": "database", "function": "create_tables", "line": 70}
{"timestamp": "2025-06-28T14:06:18.149778", "level": "INFO", "logger": "src.data.database", "session_id": "NO_SESSION", "message": "Database initialized with URL: sqlite:///data/price_monitor.db", "module": "database", "function": "initialize", "line": 61}
{"timestamp": "2025-06-28T14:06:18.170922", "level": "INFO", "logger": "TestLogger", "session_id": "162b0910", "message": "Info message test", "module": "test_implementation", "function": "test_logging_system", "line": 103}
{"timestamp": "2025-06-28T14:06:18.171011", "level": "WARNING", "logger": "TestLogger", "session_id": "162b0910", "message": "Warning message test", "module": "test_implementation", "function": "test_logging_system", "line": 104}
{"timestamp": "2025-06-28T14:06:18.171073", "level": "INFO", "logger": "TestLogger", "session_id": "162b0910", "message": "Structured log test", "module": "", "function": null, "line": 0, "extra": {"test_data": "value", "session_id": "162b0910"}}
{"timestamp": "2025-06-28T14:06:18.171211", "level": "INFO", "logger": "src.scrapers", "session_id": "162b0910", "message": "ScraperFactory initialized with 5 scrapers", "module": "__init__", "function": "_initialize", "line": 41}
{"timestamp": "2025-06-28T14:06:18.171293", "level": "INFO", "logger": "src.scrapers", "session_id": "162b0910", "message": "Creating scraper: amazon -> AmazonScraper", "module": "__init__", "function": "create_scraper", "line": 104}
{"timestamp": "2025-06-28T14:06:18.171521", "level": "INFO", "logger": "AmazonScraper", "session_id": "162b0910", "message": "Initialized amazon scraper", "module": "base_scraper", "function": "__init__", "line": 101}
{"timestamp": "2025-06-28T14:06:18.171595", "level": "INFO", "logger": "src.scrapers", "session_id": "162b0910", "message": "Creating scraper: ebay -> EbayScraper", "module": "__init__", "function": "create_scraper", "line": 104}
{"timestamp": "2025-06-28T14:06:18.171819", "level": "INFO", "logger": "EbayScraper", "session_id": "162b0910", "message": "Initialized ebay scraper", "module": "base_scraper", "function": "__init__", "line": 101}
{"timestamp": "2025-06-28T14:06:18.171912", "level": "INFO", "logger": "src.scrapers", "session_id": "162b0910", "message": "Creating scraper: walmart_selenium -> WalmartSeleniumScraper", "module": "__init__", "function": "create_scraper", "line": 104}
{"timestamp": "2025-06-28T14:06:18.172080", "level": "INFO", "logger": "WalmartSeleniumScraper", "session_id": "162b0910", "message": "Initialized walmart scraper", "module": "base_scraper", "function": "__init__", "line": 101}
{"timestamp": "2025-06-28T14:06:18.797011", "level": "INFO", "logger": "WalmartSeleniumScraper", "session_id": "162b0910", "message": "Selenium WebDriver initialized successfully", "module": "selenium_scraper", "function": "_setup_driver", "line": 78}
{"timestamp": "2025-06-28T14:06:18.922777", "level": "WARNING", "logger": "urllib3.connectionpool", "session_id": "162b0910", "message": "Retrying (Retry(total=2, connect=None, read=None, redirect=None, status=None)) after connection broken by 'NewConnectionError('<urllib3.connection.HTTPConnection object at 0x7f927aade990>: Failed to establish a new connection: [Errno 111] Connection refused')': /session/e0a17a007e2d739c858c8d8d8245ef86", "module": "connectionpool", "function": "urlopen", "line": 868}
{"timestamp": "2025-06-28T14:06:18.941110", "level": "WARNING", "logger": "urllib3.connectionpool", "session_id": "162b0910", "message": "Retrying (Retry(total=1, connect=None, read=None, redirect=None, status=None)) after connection broken by 'NewConnectionError('<urllib3.connection.HTTPConnection object at 0x7f927aade850>: Failed to establish a new connection: [Errno 111] Connection refused')': /session/e0a17a007e2d739c858c8d8d8245ef86", "module": "connectionpool", "function": "urlopen", "line": 868}
{"timestamp": "2025-06-28T14:06:18.960997", "level": "WARNING", "logger": "urllib3.connectionpool", "session_id": "162b0910", "message": "Retrying (Retry(total=0, connect=None, read=None, redirect=None, status=None)) after connection broken by 'NewConnectionError('<urllib3.connection.HTTPConnection object at 0x7f927ad635c0>: Failed to establish a new connection: [Errno 111] Connection refused')': /session/e0a17a007e2d739c858c8d8d8245ef86", "module": "connectionpool", "function": "urlopen", "line": 868}
{"timestamp": "2025-06-28T14:06:18.980974", "level": "INFO", "logger": "WalmartSeleniumScraper", "session_id": "162b0910", "message": "WebDriver closed successfully", "module": "selenium_scraper", "function": "__del__", "line": 405}
{"timestamp": "2025-06-28T14:06:18.983889", "level": "INFO", "logger": "src.scrapers", "session_id": "162b0910", "message": "Creating scraper: amazon -> AmazonScraper", "module": "__init__", "function": "create_scraper", "line": 104}
{"timestamp": "2025-06-28T14:06:18.984133", "level": "INFO", "logger": "AmazonScraper", "session_id": "162b0910", "message": "Initialized amazon scraper", "module": "base_scraper", "function": "__init__", "line": 101}
{"timestamp": "2025-06-28T14:06:18.984230", "level": "INFO", "logger": "AmazonScraper", "session_id": "162b0910", "message": "Starting to scrape product: https://www.amazon.com/dp/B0863FR3S9", "module": "base_scraper", "function": "scrape_product", "line": 264}
{"timestamp": "2025-06-28T14:06:21.325454", "level": "INFO", "logger": "AmazonScraper", "session_id": "162b0910", "message": "Successfully scraped product: Sony WH-1000XM4 Wireless Premium Noise Canceling O... (Price: 217.0, Time: 2.34s)", "module": "base_scraper", "function": "scrape_product", "line": 292}
{"timestamp": "2025-06-28T14:06:21.326403", "level": "INFO", "logger": "src.scrapers", "session_id": "162b0910", "message": "Creating scraper: amazon -> AmazonScraper", "module": "__init__", "function": "create_scraper", "line": 104}
{"timestamp": "2025-06-28T14:06:21.326657", "level": "INFO", "logger": "AmazonScraper", "session_id": "162b0910", "message": "Initialized amazon scraper", "module": "base_scraper", "function": "__init__", "line": 101}
{"timestamp": "2025-06-28T14:07:44.106194", "level": "INFO", "logger": "LoggerManager", "session_id": "NO_SESSION", "message": "Logging system initialized successfully", "module": "logger", "function": "_setup_logging", "line": 159}
{"timestamp": "2025-06-28T14:07:44.493237", "level": "INFO", "logger": "src.scrapers", "session_id": "NO_SESSION", "message": "ScraperFactory initialized with 5 scrapers", "module": "__init__", "function": "_initialize", "line": 41}
{"timestamp": "2025-06-28T14:07:45.099912", "level": "INFO", "logger": "src.data.database", "session_id": "NO_SESSION", "message": "DatabaseManager initialized", "module": "database", "function": "__init__", "line": 40}
{"timestamp": "2025-06-28T14:20:49.724780", "level": "INFO", "logger": "LoggerManager", "session_id": "NO_SESSION", "message": "Logging system initialized successfully", "module": "logger", "function": "_setup_logging", "line": 159}
{"timestamp": "2025-06-28T14:21:41.652974", "level": "INFO", "logger": "LoggerManager", "session_id": "NO_SESSION", "message": "Logging system initialized successfully", "module": "logger", "function": "_setup_logging", "line": 159}
{"timestamp": "2025-06-28T14:23:20.184908", "level": "INFO", "logger": "LoggerManager", "session_id": "NO_SESSION", "message": "Logging system initialized successfully", "module": "logger", "function": "_setup_logging", "line": 159}
{"timestamp": "2025-06-28T14:24:50.891372", "level": "INFO", "logger": "LoggerManager", "session_id": "NO_SESSION", "message": "Logging system initialized successfully", "module": "logger", "function": "_setup_logging", "line": 159}
{"timestamp": "2025-06-28T14:24:51.024473", "level": "INFO", "logger": "src.data.processors", "session_id": "NO_SESSION", "message": "DataProcessor initialized with validation rules.", "module": "processors", "function": "__init__", "line": 30}
{"timestamp": "2025-06-28T14:24:51.028147", "level": "INFO", "logger": "src.data.processors", "session_id": "NO_SESSION", "message": "DataProcessor initialized with validation rules.", "module": "processors", "function": "__init__", "line": 30}
{"timestamp": "2025-06-28T14:24:51.028842", "level": "ERROR", "logger": "src.data.processors", "session_id": "NO_SESSION", "message": "Data validation failed for URL http://example.com/product: Title is too short (min: 5).", "module": "processors", "function": "process", "line": 55}
{"timestamp": "2025-06-28T14:24:51.031163", "level": "INFO", "logger": "src.data.processors", "session_id": "NO_SESSION", "message": "DataProcessor initialized with validation rules.", "module": "processors", "function": "__init__", "line": 30}
{"timestamp": "2025-06-28T14:24:51.031815", "level": "ERROR", "logger": "src.data.processors", "session_id": "NO_SESSION", "message": "Data validation failed for URL http://example.com/product: Price is out of range (15000.0).", "module": "processors", "function": "process", "line": 55}
{"timestamp": "2025-06-28T14:24:51.032817", "level": "INFO", "logger": "src.data.processors", "session_id": "NO_SESSION", "message": "DataProcessor initialized with validation rules.", "module": "processors", "function": "__init__", "line": 30}
{"timestamp": "2025-06-28T14:24:51.092646", "level": "INFO", "logger": "src.scrapers.factory", "session_id": "NO_SESSION", "message": "ScraperFactory initialized with 5 scrapers", "module": "factory", "function": "_initialize", "line": 40}
{"timestamp": "2025-06-28T14:24:51.094725", "level": "INFO", "logger": "src.scrapers.factory", "session_id": "NO_SESSION", "message": "Creating scraper: amazon -> AmazonScraper", "module": "factory", "function": "create_scraper", "line": 103}
{"timestamp": "2025-06-28T14:24:51.095026", "level": "INFO", "logger": "AmazonScraper", "session_id": "NO_SESSION", "message": "Initialized amazon scraper", "module": "base_scraper", "function": "__init__", "line": 49}
{"timestamp": "2025-06-28T14:24:51.096775", "level": "INFO", "logger": "src.scrapers.factory", "session_id": "NO_SESSION", "message": "Creating scraper: ebay -> EbayScraper", "module": "factory", "function": "create_scraper", "line": 103}
{"timestamp": "2025-06-28T14:24:51.097815", "level": "INFO", "logger": "EbayScraper", "session_id": "NO_SESSION", "message": "Initialized ebay scraper", "module": "base_scraper", "function": "__init__", "line": 49}
{"timestamp": "2025-06-28T14:24:51.099443", "level": "INFO", "logger": "src.scrapers.factory", "session_id": "NO_SESSION", "message": "Creating scraper: walmart_selenium -> WalmartSeleniumScraper", "module": "factory", "function": "create_scraper", "line": 103}
{"timestamp": "2025-06-28T14:24:51.099733", "level": "INFO", "logger": "WalmartSeleniumScraper", "session_id": "NO_SESSION", "message": "Initialized walmart scraper", "module": "base_scraper", "function": "__init__", "line": 49}
{"timestamp": "2025-06-28T14:24:52.532194", "level": "INFO", "logger": "WalmartSeleniumScraper", "session_id": "NO_SESSION", "message": "Selenium WebDriver initialized successfully", "module": "selenium_scraper", "function": "_setup_driver", "line": 78}
{"timestamp": "2025-06-28T14:24:52.749214", "level": "INFO", "logger": "WalmartSeleniumScraper", "session_id": "NO_SESSION", "message": "WebDriver closed successfully", "module": "selenium_scraper", "function": "__del__", "line": 405}
{"timestamp": "2025-06-28T14:24:52.750947", "level": "ERROR", "logger": "src.cli.utils.config", "session_id": "NO_SESSION", "message": "Scraper configuration not found for site: unknown_site", "module": "config", "function": "get_scraper_config", "line": 122}
{"timestamp": "2025-06-28T14:25:19.112616", "level": "INFO", "logger": "LoggerManager", "session_id": "NO_SESSION", "message": "Logging system initialized successfully", "module": "logger", "function": "_setup_logging", "line": 159}
{"timestamp": "2025-06-28T14:25:19.223614", "level": "INFO", "logger": "src.data.processors", "session_id": "NO_SESSION", "message": "DataProcessor initialized with validation rules.", "module": "processors", "function": "__init__", "line": 30}
{"timestamp": "2025-06-28T14:25:19.226692", "level": "INFO", "logger": "src.data.processors", "session_id": "NO_SESSION", "message": "DataProcessor initialized with validation rules.", "module": "processors", "function": "__init__", "line": 30}
{"timestamp": "2025-06-28T14:25:19.228162", "level": "ERROR", "logger": "src.data.processors", "session_id": "NO_SESSION", "message": "Data validation failed for URL http://example.com/product: Title is too short (min: 5).", "module": "processors", "function": "process", "line": 55}
{"timestamp": "2025-06-28T14:25:19.230563", "level": "INFO", "logger": "src.data.processors", "session_id": "NO_SESSION", "message": "DataProcessor initialized with validation rules.", "module": "processors", "function": "__init__", "line": 30}
{"timestamp": "2025-06-28T14:25:19.231505", "level": "ERROR", "logger": "src.data.processors", "session_id": "NO_SESSION", "message": "Data validation failed for URL http://example.com/product: Price is out of range (15000.0).", "module": "processors", "function": "process", "line": 55}
{"timestamp": "2025-06-28T14:25:19.232335", "level": "INFO", "logger": "src.data.processors", "session_id": "NO_SESSION", "message": "DataProcessor initialized with validation rules.", "module": "processors", "function": "__init__", "line": 30}
{"timestamp": "2025-06-28T14:25:19.295941", "level": "INFO", "logger": "src.scrapers.factory", "session_id": "NO_SESSION", "message": "ScraperFactory initialized with 5 scrapers", "module": "factory", "function": "_initialize", "line": 40}
{"timestamp": "2025-06-28T14:25:19.297539", "level": "INFO", "logger": "src.scrapers.factory", "session_id": "NO_SESSION", "message": "Creating scraper: amazon -> AmazonScraper", "module": "factory", "function": "create_scraper", "line": 103}
{"timestamp": "2025-06-28T14:25:19.297824", "level": "INFO", "logger": "AmazonScraper", "session_id": "NO_SESSION", "message": "Initialized amazon scraper", "module": "base_scraper", "function": "__init__", "line": 49}
{"timestamp": "2025-06-28T14:25:19.298667", "level": "INFO", "logger": "src.scrapers.factory", "session_id": "NO_SESSION", "message": "Creating scraper: ebay -> EbayScraper", "module": "factory", "function": "create_scraper", "line": 103}
{"timestamp": "2025-06-28T14:25:19.298874", "level": "INFO", "logger": "EbayScraper", "session_id": "NO_SESSION", "message": "Initialized ebay scraper", "module": "base_scraper", "function": "__init__", "line": 49}
{"timestamp": "2025-06-28T14:25:19.299663", "level": "INFO", "logger": "src.scrapers.factory", "session_id": "NO_SESSION", "message": "Creating scraper: walmart_selenium -> WalmartSeleniumScraper", "module": "factory", "function": "create_scraper", "line": 103}
{"timestamp": "2025-06-28T14:25:19.299860", "level": "INFO", "logger": "WalmartSeleniumScraper", "session_id": "NO_SESSION", "message": "Initialized walmart scraper", "module": "base_scraper", "function": "__init__", "line": 49}
{"timestamp": "2025-06-28T14:25:19.796589", "level": "INFO", "logger": "WalmartSeleniumScraper", "session_id": "NO_SESSION", "message": "Selenium WebDriver initialized successfully", "module": "selenium_scraper", "function": "_setup_driver", "line": 78}
{"timestamp": "2025-06-28T14:25:19.996528", "level": "INFO", "logger": "WalmartSeleniumScraper", "session_id": "NO_SESSION", "message": "WebDriver closed successfully", "module": "selenium_scraper", "function": "__del__", "line": 405}
{"timestamp": "2025-06-28T14:25:19.998541", "level": "ERROR", "logger": "src.cli.utils.config", "session_id": "NO_SESSION", "message": "Scraper configuration not found for site: unknown_site", "module": "config", "function": "get_scraper_config", "line": 122}
{"timestamp": "2025-06-28T14:26:02.523488", "level": "INFO", "logger": "LoggerManager", "session_id": "NO_SESSION", "message": "Logging system initialized successfully", "module": "logger", "function": "_setup_logging", "line": 159}
{"timestamp": "2025-06-28T14:26:02.636777", "level": "INFO", "logger": "src.data.processors", "session_id": "NO_SESSION", "message": "DataProcessor initialized with validation rules.", "module": "processors", "function": "__init__", "line": 30}
{"timestamp": "2025-06-28T14:26:02.638161", "level": "INFO", "logger": "src.data.processors", "session_id": "NO_SESSION", "message": "DataProcessor initialized with validation rules.", "module": "processors", "function": "__init__", "line": 30}
{"timestamp": "2025-06-28T14:26:02.638617", "level": "ERROR", "logger": "src.data.processors", "session_id": "NO_SESSION", "message": "Data validation failed for URL http://example.com/product: Title is too short (min: 5).", "module": "processors", "function": "process", "line": 55}
{"timestamp": "2025-06-28T14:26:02.639450", "level": "INFO", "logger": "src.data.processors", "session_id": "NO_SESSION", "message": "DataProcessor initialized with validation rules.", "module": "processors", "function": "__init__", "line": 30}
{"timestamp": "2025-06-28T14:26:02.639843", "level": "ERROR", "logger": "src.data.processors", "session_id": "NO_SESSION", "message": "Data validation failed for URL http://example.com/product: Price is out of range (15000.0).", "module": "processors", "function": "process", "line": 55}
{"timestamp": "2025-06-28T14:26:02.640629", "level": "INFO", "logger": "src.data.processors", "session_id": "NO_SESSION", "message": "DataProcessor initialized with validation rules.", "module": "processors", "function": "__init__", "line": 30}
{"timestamp": "2025-06-28T14:26:02.700231", "level": "INFO", "logger": "src.scrapers.factory", "session_id": "NO_SESSION", "message": "ScraperFactory initialized with 5 scrapers", "module": "factory", "function": "_initialize", "line": 40}
{"timestamp": "2025-06-28T14:26:02.701064", "level": "INFO", "logger": "src.scrapers.factory", "session_id": "NO_SESSION", "message": "Creating scraper: amazon -> AmazonScraper", "module": "factory", "function": "create_scraper", "line": 103}
{"timestamp": "2025-06-28T14:26:02.701329", "level": "INFO", "logger": "AmazonScraper", "session_id": "NO_SESSION", "message": "Initialized amazon scraper", "module": "base_scraper", "function": "__init__", "line": 49}
{"timestamp": "2025-06-28T14:26:02.702171", "level": "INFO", "logger": "src.scrapers.factory", "session_id": "NO_SESSION", "message": "Creating scraper: ebay -> EbayScraper", "module": "factory", "function": "create_scraper", "line": 103}
{"timestamp": "2025-06-28T14:26:02.702383", "level": "INFO", "logger": "EbayScraper", "session_id": "NO_SESSION", "message": "Initialized ebay scraper", "module": "base_scraper", "function": "__init__", "line": 49}
{"timestamp": "2025-06-28T14:26:02.703156", "level": "INFO", "logger": "src.scrapers.factory", "session_id": "NO_SESSION", "message": "Creating scraper: walmart_selenium -> WalmartSeleniumScraper", "module": "factory", "function": "create_scraper", "line": 103}
{"timestamp": "2025-06-28T14:26:02.703351", "level": "INFO", "logger": "WalmartSeleniumScraper", "session_id": "NO_SESSION", "message": "Initialized walmart scraper", "module": "base_scraper", "function": "__init__", "line": 49}
{"timestamp": "2025-06-28T14:26:03.166990", "level": "INFO", "logger": "WalmartSeleniumScraper", "session_id": "NO_SESSION", "message": "Selenium WebDriver initialized successfully", "module": "selenium_scraper", "function": "_setup_driver", "line": 78}
{"timestamp": "2025-06-28T14:26:03.375568", "level": "INFO", "logger": "WalmartSeleniumScraper", "session_id": "NO_SESSION", "message": "WebDriver closed successfully", "module": "selenium_scraper", "function": "__del__", "line": 405}
{"timestamp": "2025-06-28T14:26:03.378172", "level": "ERROR", "logger": "src.cli.utils.config", "session_id": "NO_SESSION", "message": "Scraper configuration not found for site: unknown_site", "module": "config", "function": "get_scraper_config", "line": 122}
{"timestamp": "2025-06-28T14:26:35.050381", "level": "INFO", "logger": "LoggerManager", "session_id": "NO_SESSION", "message": "Logging system initialized successfully", "module": "logger", "function": "_setup_logging", "line": 159}
{"timestamp": "2025-06-28T14:26:35.215141", "level": "INFO", "logger": "src.data.processors", "session_id": "NO_SESSION", "message": "DataProcessor initialized with validation rules.", "module": "processors", "function": "__init__", "line": 30}
{"timestamp": "2025-06-28T14:26:35.221319", "level": "INFO", "logger": "src.data.processors", "session_id": "NO_SESSION", "message": "DataProcessor initialized with validation rules.", "module": "processors", "function": "__init__", "line": 30}
{"timestamp": "2025-06-28T14:26:35.221960", "level": "ERROR", "logger": "src.data.processors", "session_id": "NO_SESSION", "message": "Data validation failed for URL http://example.com/product: Title is too short (min: 5).", "module": "processors", "function": "process", "line": 55}
{"timestamp": "2025-06-28T14:26:35.222918", "level": "INFO", "logger": "src.data.processors", "session_id": "NO_SESSION", "message": "DataProcessor initialized with validation rules.", "module": "processors", "function": "__init__", "line": 30}
{"timestamp": "2025-06-28T14:26:35.223332", "level": "ERROR", "logger": "src.data.processors", "session_id": "NO_SESSION", "message": "Data validation failed for URL http://example.com/product: Price is out of range (15000.0).", "module": "processors", "function": "process", "line": 55}
{"timestamp": "2025-06-28T14:26:35.224152", "level": "INFO", "logger": "src.data.processors", "session_id": "NO_SESSION", "message": "DataProcessor initialized with validation rules.", "module": "processors", "function": "__init__", "line": 30}
{"timestamp": "2025-06-28T14:26:35.225399", "level": "INFO", "logger": "src.scrapers.factory", "session_id": "NO_SESSION", "message": "ScraperFactory initialized with 5 scrapers", "module": "factory", "function": "_initialize", "line": 40}
{"timestamp": "2025-06-28T14:26:35.226189", "level": "INFO", "logger": "src.scrapers.factory", "session_id": "NO_SESSION", "message": "Creating scraper: amazon -> AmazonScraper", "module": "factory", "function": "create_scraper", "line": 103}
{"timestamp": "2025-06-28T14:26:35.226463", "level": "INFO", "logger": "AmazonScraper", "session_id": "NO_SESSION", "message": "Initialized amazon scraper", "module": "base_scraper", "function": "__init__", "line": 49}
{"timestamp": "2025-06-28T14:26:35.227264", "level": "INFO", "logger": "src.scrapers.factory", "session_id": "NO_SESSION", "message": "Creating scraper: ebay -> EbayScraper", "module": "factory", "function": "create_scraper", "line": 103}
{"timestamp": "2025-06-28T14:26:35.227503", "level": "INFO", "logger": "EbayScraper", "session_id": "NO_SESSION", "message": "Initialized ebay scraper", "module": "base_scraper", "function": "__init__", "line": 49}
{"timestamp": "2025-06-28T14:26:35.228316", "level": "INFO", "logger": "src.scrapers.factory", "session_id": "NO_SESSION", "message": "Creating scraper: walmart_selenium -> WalmartSeleniumScraper", "module": "factory", "function": "create_scraper", "line": 103}
{"timestamp": "2025-06-28T14:26:35.228638", "level": "INFO", "logger": "WalmartSeleniumScraper", "session_id": "NO_SESSION", "message": "Initialized walmart scraper", "module": "base_scraper", "function": "__init__", "line": 49}
{"timestamp": "2025-06-28T14:26:35.993031", "level": "INFO", "logger": "WalmartSeleniumScraper", "session_id": "NO_SESSION", "message": "Selenium WebDriver initialized successfully", "module": "selenium_scraper", "function": "_setup_driver", "line": 78}
{"timestamp": "2025-06-28T14:26:36.199264", "level": "INFO", "logger": "WalmartSeleniumScraper", "session_id": "NO_SESSION", "message": "WebDriver closed successfully", "module": "selenium_scraper", "function": "__del__", "line": 405}
{"timestamp": "2025-06-28T14:26:36.203801", "level": "ERROR", "logger": "src.cli.utils.config", "session_id": "NO_SESSION", "message": "Scraper configuration not found for site: unknown_site", "module": "config", "function": "get_scraper_config", "line": 122}
{"timestamp": "2025-06-28T14:29:33.762387", "level": "INFO", "logger": "LoggerManager", "session_id": "NO_SESSION", "message": "Logging system initialized successfully", "module": "logger", "function": "_setup_logging", "line": 159}
{"timestamp": "2025-06-28T14:33:55.335663", "level": "INFO", "logger": "LoggerManager", "session_id": "NO_SESSION", "message": "Logging system initialized successfully", "module": "logger", "function": "_setup_logging", "line": 159}
{"timestamp": "2025-06-28T14:33:55.782737", "level": "INFO", "logger": "src.data.database", "session_id": "NO_SESSION", "message": "DatabaseManager initialized", "module": "database", "function": "__init__", "line": 40}
{"timestamp": "2025-06-28T14:33:57.064703", "level": "INFO", "logger": "src.data.database", "session_id": "19166f43", "message": "Database tables created successfully", "module": "database", "function": "create_tables", "line": 70}
{"timestamp": "2025-06-28T14:33:57.064924", "level": "INFO", "logger": "src.data.database", "session_id": "19166f43", "message": "Database initialized with URL: sqlite:///data/price_monitor.db", "module": "database", "function": "initialize", "line": 61}
{"timestamp": "2025-06-28T14:33:57.065128", "level": "INFO", "logger": "src.cli.interface", "session_id": "19166f43", "message": "CLI initialized with session ID: 19166f43", "module": "interface", "function": "cli", "line": 54}
{"timestamp": "2025-06-28T14:33:57.065998", "level": "INFO", "logger": "src.cli.commands.scrape_commands", "session_id": "19166f43", "message": "Starting concurrent scraping run with 3 workers.", "module": "scrape_commands", "function": "run", "line": 29}
{"timestamp": "2025-06-28T14:33:57.066257", "level": "INFO", "logger": "ConcurrentScrapingManager", "session_id": "19166f43", "message": "Concurrent manager initialized: 3 workers, threading mode", "module": "concurrent_manager", "function": "__init__", "line": 95}
{"timestamp": "2025-06-28T14:33:57.066410", "level": "INFO", "logger": "src.data.processors", "session_id": "19166f43", "message": "DataProcessor initialized with validation rules.", "module": "processors", "function": "__init__", "line": 30}
{"timestamp": "2025-06-28T14:33:57.109244", "level": "ERROR", "logger": "src.data.database", "session_id": "19166f43", "message": "Database session error: name 'Site' is not defined", "module": "database", "function": "get_session", "line": 106}
{"timestamp": "2025-06-28T14:34:03.185072", "level": "INFO", "logger": "LoggerManager", "session_id": "NO_SESSION", "message": "Logging system initialized successfully", "module": "logger", "function": "_setup_logging", "line": 159}
{"timestamp": "2025-06-28T14:34:03.444549", "level": "INFO", "logger": "src.data.database", "session_id": "NO_SESSION", "message": "DatabaseManager initialized", "module": "database", "function": "__init__", "line": 40}
{"timestamp": "2025-06-28T14:34:49.360932", "level": "INFO", "logger": "LoggerManager", "session_id": "NO_SESSION", "message": "Logging system initialized successfully", "module": "logger", "function": "_setup_logging", "line": 159}
{"timestamp": "2025-06-28T14:34:49.683112", "level": "INFO", "logger": "src.data.database", "session_id": "NO_SESSION", "message": "DatabaseManager initialized", "module": "database", "function": "__init__", "line": 40}
{"timestamp": "2025-06-28T14:34:50.053279", "level": "INFO", "logger": "src.data.database", "session_id": "3741caa3", "message": "Database tables created successfully", "module": "database", "function": "create_tables", "line": 70}
{"timestamp": "2025-06-28T14:34:50.053446", "level": "INFO", "logger": "src.data.database", "session_id": "3741caa3", "message": "Database initialized with URL: sqlite:///data/price_monitor.db", "module": "database", "function": "initialize", "line": 61}
{"timestamp": "2025-06-28T14:34:50.053590", "level": "INFO", "logger": "src.cli.interface", "session_id": "3741caa3", "message": "CLI initialized with session ID: 3741caa3", "module": "interface", "function": "cli", "line": 54}
{"timestamp": "2025-06-28T14:34:50.055243", "level": "INFO", "logger": "src.data.database", "session_id": "3741caa3", "message": "Database tables created successfully", "module": "database", "function": "create_tables", "line": 70}
{"timestamp": "2025-06-28T14:34:50.055487", "level": "INFO", "logger": "src.cli.commands.db_commands", "session_id": "3741caa3", "message": "Database initialized via CLI.", "module": "db_commands", "function": "init", "line": 26}
{"timestamp": "2025-06-28T14:34:55.658258", "level": "INFO", "logger": "LoggerManager", "session_id": "NO_SESSION", "message": "Logging system initialized successfully", "module": "logger", "function": "_setup_logging", "line": 159}
{"timestamp": "2025-06-28T14:34:56.008030", "level": "INFO", "logger": "src.data.database", "session_id": "NO_SESSION", "message": "DatabaseManager initialized", "module": "database", "function": "__init__", "line": 40}
{"timestamp": "2025-06-28T14:34:56.331851", "level": "INFO", "logger": "src.data.database", "session_id": "125c1225", "message": "Database tables created successfully", "module": "database", "function": "create_tables", "line": 70}
{"timestamp": "2025-06-28T14:34:56.332011", "level": "INFO", "logger": "src.data.database", "session_id": "125c1225", "message": "Database initialized with URL: sqlite:///data/price_monitor.db", "module": "database", "function": "initialize", "line": 61}
{"timestamp": "2025-06-28T14:34:56.332154", "level": "INFO", "logger": "src.cli.interface", "session_id": "125c1225", "message": "CLI initialized with session ID: 125c1225", "module": "interface", "function": "cli", "line": 54}
{"timestamp": "2025-06-28T14:34:56.332705", "level": "INFO", "logger": "src.cli.commands.scrape_commands", "session_id": "125c1225", "message": "Starting concurrent scraping run with 3 workers.", "module": "scrape_commands", "function": "run", "line": 29}
{"timestamp": "2025-06-28T14:34:56.332906", "level": "INFO", "logger": "ConcurrentScrapingManager", "session_id": "125c1225", "message": "Concurrent manager initialized: 3 workers, threading mode", "module": "concurrent_manager", "function": "__init__", "line": 95}
{"timestamp": "2025-06-28T14:34:56.333048", "level": "INFO", "logger": "src.data.processors", "session_id": "125c1225", "message": "DataProcessor initialized with validation rules.", "module": "processors", "function": "__init__", "line": 30}
{"timestamp": "2025-06-28T14:34:56.379572", "level": "WARNING", "logger": "src.cli.commands.scrape_commands", "session_id": "125c1225", "message": "No active URLs found in the database to scrape.", "module": "scrape_commands", "function": "run", "line": 46}
{"timestamp": "2025-06-28T14:35:02.234457", "level": "INFO", "logger": "LoggerManager", "session_id": "NO_SESSION", "message": "Logging system initialized successfully", "module": "logger", "function": "_setup_logging", "line": 159}
{"timestamp": "2025-06-28T14:35:02.551120", "level": "INFO", "logger": "src.data.database", "session_id": "NO_SESSION", "message": "DatabaseManager initialized", "module": "database", "function": "__init__", "line": 40}
{"timestamp": "2025-06-28T14:35:02.984667", "level": "INFO", "logger": "src.data.database", "session_id": "880497a5", "message": "Database tables created successfully", "module": "database", "function": "create_tables", "line": 70}
{"timestamp": "2025-06-28T14:35:02.984870", "level": "INFO", "logger": "src.data.database", "session_id": "880497a5", "message": "Database initialized with URL: sqlite:///data/price_monitor.db", "module": "database", "function": "initialize", "line": 61}
{"timestamp": "2025-06-28T14:35:02.985026", "level": "INFO", "logger": "src.cli.interface", "session_id": "880497a5", "message": "CLI initialized with session ID: 880497a5", "module": "interface", "function": "cli", "line": 54}
{"timestamp": "2025-06-28T14:35:09.975621", "level": "INFO", "logger": "LoggerManager", "session_id": "NO_SESSION", "message": "Logging system initialized successfully", "module": "logger", "function": "_setup_logging", "line": 159}
{"timestamp": "2025-06-28T14:35:10.085134", "level": "INFO", "logger": "src.data.processors", "session_id": "NO_SESSION", "message": "DataProcessor initialized with validation rules.", "module": "processors", "function": "__init__", "line": 30}
{"timestamp": "2025-06-28T14:35:10.089118", "level": "INFO", "logger": "src.data.processors", "session_id": "NO_SESSION", "message": "DataProcessor initialized with validation rules.", "module": "processors", "function": "__init__", "line": 30}
{"timestamp": "2025-06-28T14:35:10.089745", "level": "ERROR", "logger": "src.data.processors", "session_id": "NO_SESSION", "message": "Data validation failed for URL http://example.com/product: Title is too short (min: 5).", "module": "processors", "function": "process", "line": 55}
{"timestamp": "2025-06-28T14:35:10.090715", "level": "INFO", "logger": "src.data.processors", "session_id": "NO_SESSION", "message": "DataProcessor initialized with validation rules.", "module": "processors", "function": "__init__", "line": 30}
{"timestamp": "2025-06-28T14:35:10.091110", "level": "ERROR", "logger": "src.data.processors", "session_id": "NO_SESSION", "message": "Data validation failed for URL http://example.com/product: Price is out of range (15000.0).", "module": "processors", "function": "process", "line": 55}
{"timestamp": "2025-06-28T14:35:10.091939", "level": "INFO", "logger": "src.data.processors", "session_id": "NO_SESSION", "message": "DataProcessor initialized with validation rules.", "module": "processors", "function": "__init__", "line": 30}
{"timestamp": "2025-06-28T14:35:10.093133", "level": "INFO", "logger": "src.scrapers.factory", "session_id": "NO_SESSION", "message": "ScraperFactory initialized with 5 scrapers", "module": "factory", "function": "_initialize", "line": 40}
{"timestamp": "2025-06-28T14:35:10.093976", "level": "INFO", "logger": "src.scrapers.factory", "session_id": "NO_SESSION", "message": "Creating scraper: amazon -> AmazonScraper", "module": "factory", "function": "create_scraper", "line": 103}
{"timestamp": "2025-06-28T14:35:10.094266", "level": "INFO", "logger": "AmazonScraper", "session_id": "NO_SESSION", "message": "Initialized amazon scraper", "module": "base_scraper", "function": "__init__", "line": 49}
{"timestamp": "2025-06-28T14:35:10.095143", "level": "INFO", "logger": "src.scrapers.factory", "session_id": "NO_SESSION", "message": "Creating scraper: ebay -> EbayScraper", "module": "factory", "function": "create_scraper", "line": 103}
{"timestamp": "2025-06-28T14:35:10.095394", "level": "INFO", "logger": "EbayScraper", "session_id": "NO_SESSION", "message": "Initialized ebay scraper", "module": "base_scraper", "function": "__init__", "line": 49}
{"timestamp": "2025-06-28T14:35:10.096278", "level": "INFO", "logger": "src.scrapers.factory", "session_id": "NO_SESSION", "message": "Creating scraper: walmart_selenium -> WalmartSeleniumScraper", "module": "factory", "function": "create_scraper", "line": 103}
{"timestamp": "2025-06-28T14:35:10.096526", "level": "INFO", "logger": "WalmartSeleniumScraper", "session_id": "NO_SESSION", "message": "Initialized walmart scraper", "module": "base_scraper", "function": "__init__", "line": 49}
{"timestamp": "2025-06-28T14:35:11.414069", "level": "INFO", "logger": "WalmartSeleniumScraper", "session_id": "NO_SESSION", "message": "Selenium WebDriver initialized successfully", "module": "selenium_scraper", "function": "_setup_driver", "line": 78}
{"timestamp": "2025-06-28T14:35:11.629818", "level": "INFO", "logger": "WalmartSeleniumScraper", "session_id": "NO_SESSION", "message": "WebDriver closed successfully", "module": "selenium_scraper", "function": "__del__", "line": 405}
{"timestamp": "2025-06-28T14:35:11.631637", "level": "ERROR", "logger": "src.cli.utils.config", "session_id": "NO_SESSION", "message": "Scraper configuration not found for site: unknown_site", "module": "config", "function": "get_scraper_config", "line": 122}
{"timestamp": "2025-06-28T14:38:25.720683", "level": "INFO", "logger": "LoggerManager", "session_id": "NO_SESSION", "message": "Logging system initialized successfully", "module": "logger", "function": "_setup_logging", "line": 159}
{"timestamp": "2025-06-28T14:38:26.046509", "level": "INFO", "logger": "src.data.database", "session_id": "NO_SESSION", "message": "DatabaseManager initialized", "module": "database", "function": "__init__", "line": 40}
{"timestamp": "2025-06-28T14:38:26.427222", "level": "INFO", "logger": "src.data.database", "session_id": "1bf22e61", "message": "Database tables created successfully", "module": "database", "function": "create_tables", "line": 70}
{"timestamp": "2025-06-28T14:38:26.427337", "level": "INFO", "logger": "src.data.database", "session_id": "1bf22e61", "message": "Database initialized with URL: sqlite:///data/price_monitor.db", "module": "database", "function": "initialize", "line": 61}
{"timestamp": "2025-06-28T14:38:26.427455", "level": "INFO", "logger": "src.cli.interface", "session_id": "1bf22e61", "message": "CLI initialized with session ID: 1bf22e61", "module": "interface", "function": "cli", "line": 54}
{"timestamp": "2025-06-28T14:38:26.428008", "level": "INFO", "logger": "src.cli.commands.scrape_commands", "session_id": "1bf22e61", "message": "Starting concurrent scraping run with 3 workers.", "module": "scrape_commands", "function": "run", "line": 29}
{"timestamp": "2025-06-28T14:38:26.428201", "level": "INFO", "logger": "ConcurrentScrapingManager", "session_id": "1bf22e61", "message": "Concurrent manager initialized: 3 workers, threading mode", "module": "concurrent_manager", "function": "__init__", "line": 95}
{"timestamp": "2025-06-28T14:38:26.428326", "level": "INFO", "logger": "src.data.processors", "session_id": "1bf22e61", "message": "DataProcessor initialized with validation rules.", "module": "processors", "function": "__init__", "line": 30}
{"timestamp": "2025-06-28T14:38:26.484702", "level": "WARNING", "logger": "src.cli.commands.scrape_commands", "session_id": "1bf22e61", "message": "No active URLs found in the database to scrape.", "module": "scrape_commands", "function": "run", "line": 46}
{"timestamp": "2025-06-28T14:38:31.673583", "level": "INFO", "logger": "LoggerManager", "session_id": "NO_SESSION", "message": "Logging system initialized successfully", "module": "logger", "function": "_setup_logging", "line": 159}
{"timestamp": "2025-06-28T14:38:31.934635", "level": "INFO", "logger": "src.data.database", "session_id": "NO_SESSION", "message": "DatabaseManager initialized", "module": "database", "function": "__init__", "line": 40}
{"timestamp": "2025-06-28T14:38:32.177751", "level": "INFO", "logger": "src.data.database", "session_id": "a5237d88", "message": "Database tables created successfully", "module": "database", "function": "create_tables", "line": 70}
{"timestamp": "2025-06-28T14:38:32.177856", "level": "INFO", "logger": "src.data.database", "session_id": "a5237d88", "message": "Database initialized with URL: sqlite:///data/price_monitor.db", "module": "database", "function": "initialize", "line": 61}
{"timestamp": "2025-06-28T14:38:32.177952", "level": "INFO", "logger": "src.cli.interface", "session_id": "a5237d88", "message": "CLI initialized with session ID: a5237d88", "module": "interface", "function": "cli", "line": 54}
{"timestamp": "2025-06-28T14:38:32.178463", "level": "INFO", "logger": "src.cli.commands.scrape_commands", "session_id": "a5237d88", "message": "Starting concurrent scraping run with 3 workers.", "module": "scrape_commands", "function": "run", "line": 29}
{"timestamp": "2025-06-28T14:38:32.178626", "level": "INFO", "logger": "ConcurrentScrapingManager", "session_id": "a5237d88", "message": "Concurrent manager initialized: 3 workers, threading mode", "module": "concurrent_manager", "function": "__init__", "line": 95}
{"timestamp": "2025-06-28T14:38:32.178720", "level": "INFO", "logger": "src.data.processors", "session_id": "a5237d88", "message": "DataProcessor initialized with validation rules.", "module": "processors", "function": "__init__", "line": 30}
{"timestamp": "2025-06-28T14:38:32.222477", "level": "WARNING", "logger": "src.cli.commands.scrape_commands", "session_id": "a5237d88", "message": "No active URLs found in the database to scrape.", "module": "scrape_commands", "function": "run", "line": 46}
{"timestamp": "2025-06-28T14:39:49.028230", "level": "INFO", "logger": "LoggerManager", "session_id": "NO_SESSION", "message": "Logging system initialized successfully", "module": "logger", "function": "_setup_logging", "line": 159}
{"timestamp": "2025-06-28T14:39:49.039877", "level": "INFO", "logger": "src.data.database", "session_id": "NO_SESSION", "message": "Database tables created successfully", "module": "database", "function": "create_tables", "line": 70}
{"timestamp": "2025-06-28T14:39:49.039994", "level": "INFO", "logger": "src.data.database", "session_id": "NO_SESSION", "message": "Database initialized with URL: sqlite:///data/price_monitor.db", "module": "database", "function": "initialize", "line": 61}
{"timestamp": "2025-06-28T14:39:49.053217", "level": "ERROR", "logger": "src.data.database", "session_id": "NO_SESSION", "message": "Database session error: (sqlite3.IntegrityError) UNIQUE constraint failed: sites.name\n[SQL: INSERT INTO sites (name, base_url, scraper_type, rate_limit, created_at) VALUES (?, ?, ?, ?, ?)]\n[parameters: ('Amazon', 'https://www.amazon.com', 'static', 2.0, '2025-06-28 14:39:49.052585')]\n(Background on this error at: https://sqlalche.me/e/20/gkpj)", "module": "database", "function": "get_session", "line": 106}
{"timestamp": "2025-06-28T14:39:49.053400", "level": "ERROR", "logger": "src.data.database", "session_id": "NO_SESSION", "message": "Database session error: (sqlite3.IntegrityError) UNIQUE constraint failed: sites.name\n[SQL: INSERT INTO sites (name, base_url, scraper_type, rate_limit, created_at) VALUES (?, ?, ?, ?, ?)]\n[parameters: ('Amazon', 'https://www.amazon.com', 'static', 2.0, '2025-06-28 14:39:49.052585')]\n(Background on this error at: https://sqlalche.me/e/20/gkpj)", "module": "database", "function": "get_session", "line": 106}
{"timestamp": "2025-06-28T14:40:20.177378", "level": "INFO", "logger": "LoggerManager", "session_id": "NO_SESSION", "message": "Logging system initialized successfully", "module": "logger", "function": "_setup_logging", "line": 159}
{"timestamp": "2025-06-28T14:40:20.189987", "level": "INFO", "logger": "src.data.database", "session_id": "NO_SESSION", "message": "Database tables created successfully", "module": "database", "function": "create_tables", "line": 70}
{"timestamp": "2025-06-28T14:40:20.190117", "level": "INFO", "logger": "src.data.database", "session_id": "NO_SESSION", "message": "Database initialized with URL: sqlite:///data/price_monitor.db", "module": "database", "function": "initialize", "line": 61}
{"timestamp": "2025-06-28T14:40:20.208060", "level": "INFO", "logger": "src.data.database", "session_id": "NO_SESSION", "message": "Created site: <Site(id=2, name='eBay', scraper_type='static')>", "module": "database", "function": "create_site", "line": 198}
{"timestamp": "2025-06-28T14:40:20.220199", "level": "INFO", "logger": "src.data.database", "session_id": "NO_SESSION", "message": "Created site: <Site(id=3, name='Walmart', scraper_type='selenium')>", "module": "database", "function": "create_site", "line": 198}
{"timestamp": "2025-06-28T14:40:20.233826", "level": "INFO", "logger": "src.data.database", "session_id": "NO_SESSION", "message": "Created product: <Product(id=1, name='Sony WH-1000XM4 Wireless Headphones', brand='Sony')>", "module": "database", "function": "create_product", "line": 144}
{"timestamp": "2025-06-28T14:40:20.245594", "level": "INFO", "logger": "src.data.database", "session_id": "NO_SESSION", "message": "Created product: <Product(id=2, name='iPhone 15 Pro', brand='Apple')>", "module": "database", "function": "create_product", "line": 144}
{"timestamp": "2025-06-28T14:40:20.255637", "level": "ERROR", "logger": "src.data.database", "session_id": "NO_SESSION", "message": "Database session error: Instance <Site at 0x7f3c8f317e60> is not bound to a Session; attribute refresh operation cannot proceed (Background on this error at: https://sqlalche.me/e/20/bhk3)", "module": "database", "function": "get_session", "line": 106}
{"timestamp": "2025-06-28T14:40:52.275874", "level": "INFO", "logger": "LoggerManager", "session_id": "NO_SESSION", "message": "Logging system initialized successfully", "module": "logger", "function": "_setup_logging", "line": 159}
{"timestamp": "2025-06-28T14:40:52.286999", "level": "INFO", "logger": "src.data.database", "session_id": "NO_SESSION", "message": "Database tables created successfully", "module": "database", "function": "create_tables", "line": 70}
{"timestamp": "2025-06-28T14:40:52.287103", "level": "INFO", "logger": "src.data.database", "session_id": "NO_SESSION", "message": "Database initialized with URL: sqlite:///data/price_monitor.db", "module": "database", "function": "initialize", "line": 61}
{"timestamp": "2025-06-28T14:40:52.311025", "level": "INFO", "logger": "src.data.database", "session_id": "NO_SESSION", "message": "Created product URL: <ProductURL(id=1, product_id=1, site_id=1)>", "module": "database", "function": "create_product_url", "line": 231}
{"timestamp": "2025-06-28T14:40:52.322768", "level": "INFO", "logger": "src.data.database", "session_id": "NO_SESSION", "message": "Created product URL: <ProductURL(id=2, product_id=2, site_id=1)>", "module": "database", "function": "create_product_url", "line": 231}
{"timestamp": "2025-06-28T14:40:57.825635", "level": "INFO", "logger": "LoggerManager", "session_id": "NO_SESSION", "message": "Logging system initialized successfully", "module": "logger", "function": "_setup_logging", "line": 159}
{"timestamp": "2025-06-28T14:40:58.201587", "level": "INFO", "logger": "src.data.database", "session_id": "NO_SESSION", "message": "DatabaseManager initialized", "module": "database", "function": "__init__", "line": 40}
{"timestamp": "2025-06-28T14:40:58.662206", "level": "INFO", "logger": "src.data.database", "session_id": "8b28c015", "message": "Database tables created successfully", "module": "database", "function": "create_tables", "line": 70}
{"timestamp": "2025-06-28T14:40:58.662318", "level": "INFO", "logger": "src.data.database", "session_id": "8b28c015", "message": "Database initialized with URL: sqlite:///data/price_monitor.db", "module": "database", "function": "initialize", "line": 61}
{"timestamp": "2025-06-28T14:40:58.662422", "level": "INFO", "logger": "src.cli.interface", "session_id": "8b28c015", "message": "CLI initialized with session ID: 8b28c015", "module": "interface", "function": "cli", "line": 54}
{"timestamp": "2025-06-28T14:40:58.662959", "level": "INFO", "logger": "src.cli.commands.scrape_commands", "session_id": "8b28c015", "message": "Starting concurrent scraping run with 3 workers.", "module": "scrape_commands", "function": "run", "line": 29}
{"timestamp": "2025-06-28T14:40:58.663173", "level": "INFO", "logger": "ConcurrentScrapingManager", "session_id": "8b28c015", "message": "Concurrent manager initialized: 3 workers, threading mode", "module": "concurrent_manager", "function": "__init__", "line": 95}
{"timestamp": "2025-06-28T14:40:58.663285", "level": "INFO", "logger": "src.data.processors", "session_id": "8b28c015", "message": "DataProcessor initialized with validation rules.", "module": "processors", "function": "__init__", "line": 30}
{"timestamp": "2025-06-28T14:40:58.709136", "level": "WARNING", "logger": "src.cli.commands.scrape_commands", "session_id": "8b28c015", "message": "No active URLs found in the database to scrape.", "module": "scrape_commands", "function": "run", "line": 46}
{"timestamp": "2025-06-28T14:41:26.527727", "level": "INFO", "logger": "LoggerManager", "session_id": "NO_SESSION", "message": "Logging system initialized successfully", "module": "logger", "function": "_setup_logging", "line": 159}
{"timestamp": "2025-06-28T14:41:26.862297", "level": "INFO", "logger": "src.data.database", "session_id": "NO_SESSION", "message": "DatabaseManager initialized", "module": "database", "function": "__init__", "line": 40}
{"timestamp": "2025-06-28T14:41:27.356765", "level": "INFO", "logger": "src.data.database", "session_id": "610324f8", "message": "Database tables created successfully", "module": "database", "function": "create_tables", "line": 70}
{"timestamp": "2025-06-28T14:41:27.356884", "level": "INFO", "logger": "src.data.database", "session_id": "610324f8", "message": "Database initialized with URL: sqlite:///data/price_monitor.db", "module": "database", "function": "initialize", "line": 61}
{"timestamp": "2025-06-28T14:41:27.356988", "level": "INFO", "logger": "src.cli.interface", "session_id": "610324f8", "message": "CLI initialized with session ID: 610324f8", "module": "interface", "function": "cli", "line": 54}
{"timestamp": "2025-06-28T14:41:27.357510", "level": "INFO", "logger": "src.cli.commands.scrape_commands", "session_id": "610324f8", "message": "Starting concurrent scraping run with 3 workers.", "module": "scrape_commands", "function": "run", "line": 29}
{"timestamp": "2025-06-28T14:41:27.357676", "level": "INFO", "logger": "ConcurrentScrapingManager", "session_id": "610324f8", "message": "Concurrent manager initialized: 3 workers, threading mode", "module": "concurrent_manager", "function": "__init__", "line": 95}
{"timestamp": "2025-06-28T14:41:27.357779", "level": "INFO", "logger": "src.data.processors", "session_id": "610324f8", "message": "DataProcessor initialized with validation rules.", "module": "processors", "function": "__init__", "line": 30}
{"timestamp": "2025-06-28T14:41:46.730489", "level": "INFO", "logger": "LoggerManager", "session_id": "NO_SESSION", "message": "Logging system initialized successfully", "module": "logger", "function": "_setup_logging", "line": 159}
{"timestamp": "2025-06-28T14:41:47.011881", "level": "INFO", "logger": "src.data.database", "session_id": "NO_SESSION", "message": "DatabaseManager initialized", "module": "database", "function": "__init__", "line": 40}
{"timestamp": "2025-06-28T14:41:47.291830", "level": "INFO", "logger": "src.data.database", "session_id": "6f561491", "message": "Database tables created successfully", "module": "database", "function": "create_tables", "line": 70}
{"timestamp": "2025-06-28T14:41:47.292032", "level": "INFO", "logger": "src.data.database", "session_id": "6f561491", "message": "Database initialized with URL: sqlite:///data/price_monitor.db", "module": "database", "function": "initialize", "line": 61}
{"timestamp": "2025-06-28T14:41:47.292191", "level": "INFO", "logger": "src.cli.interface", "session_id": "6f561491", "message": "CLI initialized with session ID: 6f561491", "module": "interface", "function": "cli", "line": 54}
{"timestamp": "2025-06-28T14:41:47.293352", "level": "INFO", "logger": "src.cli.commands.scrape_commands", "session_id": "6f561491", "message": "Starting concurrent scraping run with 3 workers.", "module": "scrape_commands", "function": "run", "line": 29}
{"timestamp": "2025-06-28T14:41:47.293706", "level": "INFO", "logger": "ConcurrentScrapingManager", "session_id": "6f561491", "message": "Concurrent manager initialized: 3 workers, threading mode", "module": "concurrent_manager", "function": "__init__", "line": 95}
{"timestamp": "2025-06-28T14:41:47.293893", "level": "INFO", "logger": "src.data.processors", "session_id": "6f561491", "message": "DataProcessor initialized with validation rules.", "module": "processors", "function": "__init__", "line": 30}
{"timestamp": "2025-06-28T14:41:47.352267", "level": "INFO", "logger": "ConcurrentScrapingManager", "session_id": "6f561491", "message": "Added 1 bulk jobs to queue", "module": "concurrent_manager", "function": "add_bulk_jobs", "line": 148}
{"timestamp": "2025-06-28T14:41:47.352454", "level": "INFO", "logger": "ConcurrentScrapingManager", "session_id": "6f561491", "message": "Started 3 threading workers", "module": "concurrent_manager", "function": "start_workers", "line": 166}
{"timestamp": "2025-06-28T14:41:47.353156", "level": "INFO", "logger": "src.scrapers.factory", "session_id": "NO_SESSION", "message": "ScraperFactory initialized with 5 scrapers", "module": "factory", "function": "_initialize", "line": 40}
{"timestamp": "2025-06-28T14:41:47.353351", "level": "INFO", "logger": "ConcurrentScrapingManager", "session_id": "6f561491", "message": "Concurrent scraping workers started", "module": "concurrent_manager", "function": "start_workers", "line": 176}
{"timestamp": "2025-06-28T14:41:47.353424", "level": "INFO", "logger": "src.scrapers.factory", "session_id": "NO_SESSION", "message": "Creating scraper: amazon -> AmazonScraper", "module": "factory", "function": "create_scraper", "line": 103}
{"timestamp": "2025-06-28T14:41:47.353688", "level": "INFO", "logger": "AmazonScraper", "session_id": "NO_SESSION", "message": "Initialized amazon scraper", "module": "base_scraper", "function": "__init__", "line": 49}
{"timestamp": "2025-06-28T14:41:47.353791", "level": "INFO", "logger": "AmazonScraper", "session_id": "NO_SESSION", "message": "Starting to scrape product: https://www.amazon.com/dp/B0863FR3S9", "module": "base_scraper", "function": "scrape_product", "line": 161}
{"timestamp": "2025-06-28T14:41:49.773721", "level": "INFO", "logger": "AmazonScraper", "session_id": "NO_SESSION", "message": "Successfully scraped raw data for: Sony WH-1000XM4 Wireless Premium Noise Canceling O...", "module": "base_scraper", "function": "scrape_product", "line": 182}
{"timestamp": "2025-06-28T14:41:49.778510", "level": "INFO", "logger": "src.data.database", "session_id": "NO_SESSION", "message": "Created site: <Site(id=4, name='amazon', scraper_type='concurrent')>", "module": "database", "function": "create_site", "line": 198}
{"timestamp": "2025-06-28T14:41:49.791209", "level": "INFO", "logger": "src.data.database", "session_id": "NO_SESSION", "message": "Created product: <Product(id=3, name='Sony WH-1000XM4 Wireless Premium Noise Canceling Overhead Headphones with Mic for Phone-Call and Alexa Voice Control, Silver WH1000XM4', brand='None')>", "module": "database", "function": "create_product", "line": 144}
{"timestamp": "2025-06-28T14:41:49.804272", "level": "INFO", "logger": "src.data.database", "session_id": "NO_SESSION", "message": "Created product URL: <ProductURL(id=3, product_id=3, site_id=4)>", "module": "database", "function": "create_product_url", "line": 231}
{"timestamp": "2025-06-28T14:41:49.838085", "level": "INFO", "logger": "ConcurrentScrapingManager", "session_id": "NO_SESSION", "message": "Job 25ffbf5e completed successfully (2.42s) - ThreadPoolExecutor-0_0-25ffbf5e", "module": "concurrent_manager", "function": "_process_result", "line": 334}
{"timestamp": "2025-06-28T14:41:49.871264", "level": "INFO", "logger": "ConcurrentScrapingManager", "session_id": "6f561491", "message": "Stopping concurrent workers...", "module": "concurrent_manager", "function": "stop_workers", "line": 188}
{"timestamp": "2025-06-28T14:42:43.301683", "level": "INFO", "logger": "LoggerManager", "session_id": "NO_SESSION", "message": "Logging system initialized successfully", "module": "logger", "function": "_setup_logging", "line": 159}
{"timestamp": "2025-06-28T14:42:43.676251", "level": "INFO", "logger": "src.data.database", "session_id": "NO_SESSION", "message": "DatabaseManager initialized", "module": "database", "function": "__init__", "line": 40}
{"timestamp": "2025-06-28T14:42:44.105593", "level": "INFO", "logger": "src.data.database", "session_id": "34ada577", "message": "Database tables created successfully", "module": "database", "function": "create_tables", "line": 70}
{"timestamp": "2025-06-28T14:42:44.105752", "level": "INFO", "logger": "src.data.database", "session_id": "34ada577", "message": "Database initialized with URL: sqlite:///data/price_monitor.db", "module": "database", "function": "initialize", "line": 61}
{"timestamp": "2025-06-28T14:42:44.105896", "level": "INFO", "logger": "src.cli.interface", "session_id": "34ada577", "message": "CLI initialized with session ID: 34ada577", "module": "interface", "function": "cli", "line": 54}
{"timestamp": "2025-06-28T14:42:44.106484", "level": "INFO", "logger": "src.cli.commands.scrape_commands", "session_id": "34ada577", "message": "Starting concurrent scraping run with 3 workers.", "module": "scrape_commands", "function": "run", "line": 29}
{"timestamp": "2025-06-28T14:42:44.106702", "level": "INFO", "logger": "ConcurrentScrapingManager", "session_id": "34ada577", "message": "Concurrent manager initialized: 3 workers, threading mode", "module": "concurrent_manager", "function": "__init__", "line": 95}
{"timestamp": "2025-06-28T14:42:44.106845", "level": "INFO", "logger": "src.data.processors", "session_id": "34ada577", "message": "DataProcessor initialized with validation rules.", "module": "processors", "function": "__init__", "line": 30}
{"timestamp": "2025-06-28T14:42:44.154176", "level": "INFO", "logger": "ConcurrentScrapingManager", "session_id": "34ada577", "message": "Added 1 bulk jobs to queue", "module": "concurrent_manager", "function": "add_bulk_jobs", "line": 148}
{"timestamp": "2025-06-28T14:42:44.154373", "level": "INFO", "logger": "ConcurrentScrapingManager", "session_id": "34ada577", "message": "Started 3 threading workers", "module": "concurrent_manager", "function": "start_workers", "line": 166}
{"timestamp": "2025-06-28T14:42:44.155145", "level": "INFO", "logger": "src.scrapers.factory", "session_id": "NO_SESSION", "message": "ScraperFactory initialized with 5 scrapers", "module": "factory", "function": "_initialize", "line": 40}
{"timestamp": "2025-06-28T14:42:44.155379", "level": "INFO", "logger": "ConcurrentScrapingManager", "session_id": "34ada577", "message": "Concurrent scraping workers started", "module": "concurrent_manager", "function": "start_workers", "line": 176}
{"timestamp": "2025-06-28T14:42:44.155481", "level": "INFO", "logger": "src.scrapers.factory", "session_id": "NO_SESSION", "message": "Creating scraper: amazon -> AmazonScraper", "module": "factory", "function": "create_scraper", "line": 103}
{"timestamp": "2025-06-28T14:42:44.155776", "level": "INFO", "logger": "AmazonScraper", "session_id": "NO_SESSION", "message": "Initialized amazon scraper", "module": "base_scraper", "function": "__init__", "line": 49}
{"timestamp": "2025-06-28T14:42:44.155880", "level": "INFO", "logger": "AmazonScraper", "session_id": "NO_SESSION", "message": "Starting to scrape product: https://www.amazon.com/dp/B0863FR3S9", "module": "base_scraper", "function": "scrape_product", "line": 161}
{"timestamp": "2025-06-28T14:42:46.440759", "level": "INFO", "logger": "AmazonScraper", "session_id": "NO_SESSION", "message": "Successfully scraped raw data for: Sony WH-1000XM4 Wireless Premium Noise Canceling O...", "module": "base_scraper", "function": "scrape_product", "line": 182}
{"timestamp": "2025-06-28T14:42:46.462640", "level": "INFO", "logger": "src.data.database", "session_id": "NO_SESSION", "message": "Created product: <Product(id=4, name='Sony WH-1000XM4 Wireless Premium Noise Canceling Overhead Headphones with Mic for Phone-Call and Alexa Voice Control, Silver WH1000XM4', brand='None')>", "module": "database", "function": "create_product", "line": 144}
{"timestamp": "2025-06-28T14:42:46.474255", "level": "ERROR", "logger": "ConcurrentScrapingManager", "session_id": "NO_SESSION", "message": "Database storage failed: Instance <Site at 0x7fe7804f6750> is not bound to a Session; attribute refresh operation cannot proceed (Background on this error at: https://sqlalche.me/e/20/bhk3)", "module": "concurrent_manager", "function": "_store_product_data", "line": 432}
{"timestamp": "2025-06-28T14:42:46.474609", "level": "ERROR", "logger": "ConcurrentScrapingManager", "session_id": "NO_SESSION", "message": "Failed to store product data: Instance <Site at 0x7fe7804f6750> is not bound to a Session; attribute refresh operation cannot proceed (Background on this error at: https://sqlalche.me/e/20/bhk3)", "module": "concurrent_manager", "function": "_process_result", "line": 334}
{"timestamp": "2025-06-28T14:42:46.474810", "level": "INFO", "logger": "ConcurrentScrapingManager", "session_id": "NO_SESSION", "message": "Job 47cdd3de completed successfully (2.29s) - ThreadPoolExecutor-0_0-47cdd3de", "module": "concurrent_manager", "function": "_process_result", "line": 336}
{"timestamp": "2025-06-28T14:42:46.568312", "level": "INFO", "logger": "ConcurrentScrapingManager", "session_id": "34ada577", "message": "Stopping concurrent workers...", "module": "concurrent_manager", "function": "stop_workers", "line": 183}
{"timestamp": "2025-06-28T14:42:46.568551", "level": "INFO", "logger": "ConcurrentScrapingManager", "session_id": "34ada577", "message": "All workers stopped successfully", "module": "concurrent_manager", "function": "stop_workers", "line": 193}
{"timestamp": "2025-06-28T14:42:46.568697", "level": "INFO", "logger": "src.cli.commands.scrape_commands", "session_id": "34ada577", "message": "Scraping run completed. Results: {'started_at': datetime.datetime(2025, 6, 28, 14, 42, 44, 106583), 'jobs_queued': 1, 'jobs_completed': 1, 'jobs_failed': 0, 'total_processing_time': 2.294034004211426, 'sites_processed': ['amazon'], 'elapsed_time': 2.461991, 'jobs_active': 0, 'queue_size': 0, 'avg_processing_time': 2.294034004211426, 'throughput': 0.40617532720468924}", "module": "scrape_commands", "function": "run", "line": 72}
